Linked: (/home/tbtk/auv_ws/devel/.private/uuv_thruster_manager/share/uuv_thruster_manager/cmake/uuv_thruster_manager-msg-extras.cmake, /home/tbtk/auv_ws/devel/share/uuv_thruster_manager/cmake/uuv_thruster_manager-msg-extras.cmake)
Linked: (/home/tbtk/auv_ws/devel/.private/uuv_thruster_manager/share/uuv_thruster_manager/cmake/uuv_thruster_manager-msg-paths.cmake, /home/tbtk/auv_ws/devel/share/uuv_thruster_manager/cmake/uuv_thruster_manager-msg-paths.cmake)
Linked: (/home/tbtk/auv_ws/devel/.private/uuv_thruster_manager/share/uuv_thruster_manager/cmake/uuv_thruster_managerConfig-version.cmake, /home/tbtk/auv_ws/devel/share/uuv_thruster_manager/cmake/uuv_thruster_managerConfig-version.cmake)
Linked: (/home/tbtk/auv_ws/devel/.private/uuv_thruster_manager/share/uuv_thruster_manager/cmake/uuv_thruster_managerConfig.cmake, /home/tbtk/auv_ws/devel/share/uuv_thruster_manager/cmake/uuv_thruster_managerConfig.cmake)
Linked: (/home/tbtk/auv_ws/devel/.private/uuv_thruster_manager/share/common-lisp/ros/uuv_thruster_manager/srv/_package_SetThrusterManagerConfig.lisp, /home/tbtk/auv_ws/devel/share/common-lisp/ros/uuv_thruster_manager/srv/_package_SetThrusterManagerConfig.lisp)
Linked: (/home/tbtk/auv_ws/devel/.private/uuv_thruster_manager/share/common-lisp/ros/uuv_thruster_manager/srv/_package_ThrusterManagerInfo.lisp, /home/tbtk/auv_ws/devel/share/common-lisp/ros/uuv_thruster_manager/srv/_package_ThrusterManagerInfo.lisp)
Linked: (/home/tbtk/auv_ws/devel/.private/uuv_thruster_manager/share/common-lisp/ros/uuv_thruster_manager/srv/uuv_thruster_manager-srv.asd, /home/tbtk/auv_ws/devel/share/common-lisp/ros/uuv_thruster_manager/srv/uuv_thruster_manager-srv.asd)
Linked: (/home/tbtk/auv_ws/devel/.private/uuv_thruster_manager/share/common-lisp/ros/uuv_thruster_manager/srv/ThrusterManagerInfo.lisp, /home/tbtk/auv_ws/devel/share/common-lisp/ros/uuv_thruster_manager/srv/ThrusterManagerInfo.lisp)
Linked: (/home/tbtk/auv_ws/devel/.private/uuv_thruster_manager/share/common-lisp/ros/uuv_thruster_manager/srv/GetThrusterCurve.lisp, /home/tbtk/auv_ws/devel/share/common-lisp/ros/uuv_thruster_manager/srv/GetThrusterCurve.lisp)
Linked: (/home/tbtk/auv_ws/devel/.private/uuv_thruster_manager/share/common-lisp/ros/uuv_thruster_manager/srv/_package_GetThrusterManagerConfig.lisp, /home/tbtk/auv_ws/devel/share/common-lisp/ros/uuv_thruster_manager/srv/_package_GetThrusterManagerConfig.lisp)
Linked: (/home/tbtk/auv_ws/devel/.private/uuv_thruster_manager/share/common-lisp/ros/uuv_thruster_manager/srv/_package.lisp, /home/tbtk/auv_ws/devel/share/common-lisp/ros/uuv_thruster_manager/srv/_package.lisp)
Linked: (/home/tbtk/auv_ws/devel/.private/uuv_thruster_manager/share/common-lisp/ros/uuv_thruster_manager/srv/SetThrusterManagerConfig.lisp, /home/tbtk/auv_ws/devel/share/common-lisp/ros/uuv_thruster_manager/srv/SetThrusterManagerConfig.lisp)
Linked: (/home/tbtk/auv_ws/devel/.private/uuv_thruster_manager/share/common-lisp/ros/uuv_thruster_manager/srv/GetThrusterManagerConfig.lisp, /home/tbtk/auv_ws/devel/share/common-lisp/ros/uuv_thruster_manager/srv/GetThrusterManagerConfig.lisp)
Linked: (/home/tbtk/auv_ws/devel/.private/uuv_thruster_manager/share/common-lisp/ros/uuv_thruster_manager/srv/_package_GetThrusterCurve.lisp, /home/tbtk/auv_ws/devel/share/common-lisp/ros/uuv_thruster_manager/srv/_package_GetThrusterCurve.lisp)
Linked: (/home/tbtk/auv_ws/devel/.private/uuv_thruster_manager/share/gennodejs/ros/uuv_thruster_manager/_index.js, /home/tbtk/auv_ws/devel/share/gennodejs/ros/uuv_thruster_manager/_index.js)
Linked: (/home/tbtk/auv_ws/devel/.private/uuv_thruster_manager/share/gennodejs/ros/uuv_thruster_manager/srv/GetThrusterManagerConfig.js, /home/tbtk/auv_ws/devel/share/gennodejs/ros/uuv_thruster_manager/srv/GetThrusterManagerConfig.js)
Linked: (/home/tbtk/auv_ws/devel/.private/uuv_thruster_manager/share/gennodejs/ros/uuv_thruster_manager/srv/GetThrusterCurve.js, /home/tbtk/auv_ws/devel/share/gennodejs/ros/uuv_thruster_manager/srv/GetThrusterCurve.js)
Linked: (/home/tbtk/auv_ws/devel/.private/uuv_thruster_manager/share/gennodejs/ros/uuv_thruster_manager/srv/ThrusterManagerInfo.js, /home/tbtk/auv_ws/devel/share/gennodejs/ros/uuv_thruster_manager/srv/ThrusterManagerInfo.js)
Linked: (/home/tbtk/auv_ws/devel/.private/uuv_thruster_manager/share/gennodejs/ros/uuv_thruster_manager/srv/SetThrusterManagerConfig.js, /home/tbtk/auv_ws/devel/share/gennodejs/ros/uuv_thruster_manager/srv/SetThrusterManagerConfig.js)
Linked: (/home/tbtk/auv_ws/devel/.private/uuv_thruster_manager/share/gennodejs/ros/uuv_thruster_manager/srv/_index.js, /home/tbtk/auv_ws/devel/share/gennodejs/ros/uuv_thruster_manager/srv/_index.js)
Linked: (/home/tbtk/auv_ws/devel/.private/uuv_thruster_manager/share/roseus/ros/uuv_thruster_manager/manifest.l, /home/tbtk/auv_ws/devel/share/roseus/ros/uuv_thruster_manager/manifest.l)
Linked: (/home/tbtk/auv_ws/devel/.private/uuv_thruster_manager/share/roseus/ros/uuv_thruster_manager/srv/GetThrusterManagerConfig.l, /home/tbtk/auv_ws/devel/share/roseus/ros/uuv_thruster_manager/srv/GetThrusterManagerConfig.l)
Linked: (/home/tbtk/auv_ws/devel/.private/uuv_thruster_manager/share/roseus/ros/uuv_thruster_manager/srv/ThrusterManagerInfo.l, /home/tbtk/auv_ws/devel/share/roseus/ros/uuv_thruster_manager/srv/ThrusterManagerInfo.l)
Linked: (/home/tbtk/auv_ws/devel/.private/uuv_thruster_manager/share/roseus/ros/uuv_thruster_manager/srv/GetThrusterCurve.l, /home/tbtk/auv_ws/devel/share/roseus/ros/uuv_thruster_manager/srv/GetThrusterCurve.l)
Linked: (/home/tbtk/auv_ws/devel/.private/uuv_thruster_manager/share/roseus/ros/uuv_thruster_manager/srv/SetThrusterManagerConfig.l, /home/tbtk/auv_ws/devel/share/roseus/ros/uuv_thruster_manager/srv/SetThrusterManagerConfig.l)
Linked: (/home/tbtk/auv_ws/devel/.private/uuv_thruster_manager/include/uuv_thruster_manager/GetThrusterManagerConfigResponse.h, /home/tbtk/auv_ws/devel/include/uuv_thruster_manager/GetThrusterManagerConfigResponse.h)
Linked: (/home/tbtk/auv_ws/devel/.private/uuv_thruster_manager/include/uuv_thruster_manager/ThrusterManagerInfo.h, /home/tbtk/auv_ws/devel/include/uuv_thruster_manager/ThrusterManagerInfo.h)
Linked: (/home/tbtk/auv_ws/devel/.private/uuv_thruster_manager/include/uuv_thruster_manager/SetThrusterManagerConfigResponse.h, /home/tbtk/auv_ws/devel/include/uuv_thruster_manager/SetThrusterManagerConfigResponse.h)
Linked: (/home/tbtk/auv_ws/devel/.private/uuv_thruster_manager/include/uuv_thruster_manager/GetThrusterCurveRequest.h, /home/tbtk/auv_ws/devel/include/uuv_thruster_manager/GetThrusterCurveRequest.h)
Linked: (/home/tbtk/auv_ws/devel/.private/uuv_thruster_manager/include/uuv_thruster_manager/ThrusterManagerInfoResponse.h, /home/tbtk/auv_ws/devel/include/uuv_thruster_manager/ThrusterManagerInfoResponse.h)
Linked: (/home/tbtk/auv_ws/devel/.private/uuv_thruster_manager/include/uuv_thruster_manager/GetThrusterCurve.h, /home/tbtk/auv_ws/devel/include/uuv_thruster_manager/GetThrusterCurve.h)
Linked: (/home/tbtk/auv_ws/devel/.private/uuv_thruster_manager/include/uuv_thruster_manager/ThrusterManagerInfoRequest.h, /home/tbtk/auv_ws/devel/include/uuv_thruster_manager/ThrusterManagerInfoRequest.h)
Linked: (/home/tbtk/auv_ws/devel/.private/uuv_thruster_manager/include/uuv_thruster_manager/GetThrusterManagerConfig.h, /home/tbtk/auv_ws/devel/include/uuv_thruster_manager/GetThrusterManagerConfig.h)
Linked: (/home/tbtk/auv_ws/devel/.private/uuv_thruster_manager/include/uuv_thruster_manager/GetThrusterManagerConfigRequest.h, /home/tbtk/auv_ws/devel/include/uuv_thruster_manager/GetThrusterManagerConfigRequest.h)
Linked: (/home/tbtk/auv_ws/devel/.private/uuv_thruster_manager/include/uuv_thruster_manager/SetThrusterManagerConfig.h, /home/tbtk/auv_ws/devel/include/uuv_thruster_manager/SetThrusterManagerConfig.h)
Linked: (/home/tbtk/auv_ws/devel/.private/uuv_thruster_manager/include/uuv_thruster_manager/SetThrusterManagerConfigRequest.h, /home/tbtk/auv_ws/devel/include/uuv_thruster_manager/SetThrusterManagerConfigRequest.h)
Linked: (/home/tbtk/auv_ws/devel/.private/uuv_thruster_manager/include/uuv_thruster_manager/GetThrusterCurveResponse.h, /home/tbtk/auv_ws/devel/include/uuv_thruster_manager/GetThrusterCurveResponse.h)
Linked: (/home/tbtk/auv_ws/devel/.private/uuv_thruster_manager/lib/uuv_thruster_manager/cmake.lock, /home/tbtk/auv_ws/devel/lib/uuv_thruster_manager/cmake.lock)
Linked: (/home/tbtk/auv_ws/devel/.private/uuv_thruster_manager/lib/uuv_thruster_manager/thruster_allocator.py, /home/tbtk/auv_ws/devel/lib/uuv_thruster_manager/thruster_allocator.py)
Linked: (/home/tbtk/auv_ws/devel/.private/uuv_thruster_manager/lib/python3/dist-packages/uuv_thruster_manager/__init__.py, /home/tbtk/auv_ws/devel/lib/python3/dist-packages/uuv_thruster_manager/__init__.py)
Linked: (/home/tbtk/auv_ws/devel/.private/uuv_thruster_manager/lib/python3/dist-packages/uuv_thruster_manager/srv/_ThrusterManagerInfo.py, /home/tbtk/auv_ws/devel/lib/python3/dist-packages/uuv_thruster_manager/srv/_ThrusterManagerInfo.py)
Linked: (/home/tbtk/auv_ws/devel/.private/uuv_thruster_manager/lib/python3/dist-packages/uuv_thruster_manager/srv/_GetThrusterCurve.py, /home/tbtk/auv_ws/devel/lib/python3/dist-packages/uuv_thruster_manager/srv/_GetThrusterCurve.py)
Linked: (/home/tbtk/auv_ws/devel/.private/uuv_thruster_manager/lib/python3/dist-packages/uuv_thruster_manager/srv/_SetThrusterManagerConfig.py, /home/tbtk/auv_ws/devel/lib/python3/dist-packages/uuv_thruster_manager/srv/_SetThrusterManagerConfig.py)
Linked: (/home/tbtk/auv_ws/devel/.private/uuv_thruster_manager/lib/python3/dist-packages/uuv_thruster_manager/srv/__init__.py, /home/tbtk/auv_ws/devel/lib/python3/dist-packages/uuv_thruster_manager/srv/__init__.py)
Linked: (/home/tbtk/auv_ws/devel/.private/uuv_thruster_manager/lib/python3/dist-packages/uuv_thruster_manager/srv/_GetThrusterManagerConfig.py, /home/tbtk/auv_ws/devel/lib/python3/dist-packages/uuv_thruster_manager/srv/_GetThrusterManagerConfig.py)
Linked: (/home/tbtk/auv_ws/devel/.private/uuv_thruster_manager/lib/python3/dist-packages/uuv_thrusters/__init__.py, /home/tbtk/auv_ws/devel/lib/python3/dist-packages/uuv_thrusters/__init__.py)
Linked: (/home/tbtk/auv_ws/devel/.private/uuv_thruster_manager/lib/pkgconfig/uuv_thruster_manager.pc, /home/tbtk/auv_ws/devel/lib/pkgconfig/uuv_thruster_manager.pc)
